生成启动时间为 2017/11/18 7:16:30。
     1>项目“D:\cocos2d\projects\HelloWorld\proj.win32\HelloWorld.vcxproj”在节点 2 上(Build 个目标)。
     1>ClCompile:
         D:\Program Files\Microsoft Visual Studio 12.0\VC\bin\CL.exe /c /ID:\cocos2d\projects\HelloWorld\proj.win32\..\..\..\cocos2dx /ID:\cocos2d\projects\HelloWorld\proj.win32\..\..\..\cocos2dx\include /ID:\cocos2d\projects\HelloWorld\proj.win32\..\..\..\cocos2dx\kazmath\include /ID:\cocos2d\projects\HelloWorld\proj.win32\..\..\..\cocos2dx\platform\win32 /ID:\cocos2d\projects\HelloWorld\proj.win32\..\..\..\cocos2dx\platform\third_party\win32 /ID:\cocos2d\projects\HelloWorld\proj.win32\..\..\..\cocos2dx\platform\third_party\win32\OGLES /ID:\cocos2d\projects\HelloWorld\proj.win32\..\..\..\external /ID:\cocos2d\projects\HelloWorld\proj.win32\..\..\..\external\chipmunk\include\chipmunk /ID:\cocos2d\projects\HelloWorld\proj.win32\..\..\..\CocosDenshion\include /ID:\cocos2d\projects\HelloWorld\proj.win32\..\..\..\extensions /I..\Classes /I.. /ZI /nologo /W3 /WX- /Od /Oy- /D WIN32 /D _DEBUG /D _WINDOWS /D _USE_MATH_DEFINES /D GL_GLEXT_PROTOTYPES /D CC_ENABLE_CHIPMUNK_INTEGRATION=1 /D COCOS2D_DEBUG=1 /D _CRT_SECURE_NO_WARNINGS /D _SCL_SECURE_NO_WARNINGS /D _USING_V110_SDK71_ /D _UNICODE /D UNICODE /Gm /EHsc /RTC1 /MDd /GS /fp:precise /Zc:wchar_t /Zc:forScope /Fo"Debug.win32\\" /Fd"Debug.win32\vc120.pdb" /Gd /TP /wd4267 /wd4251 /wd4244 /analyze- /errorReport:prompt ..\Classes\AppDelegate.cpp ..\Classes\MyLayer.cpp ..\Classes\MyScene.cpp
         MyLayer.cpp
         AppDelegate.cpp
         正在生成代码...
         正在编译...
         MyScene.cpp
         正在生成代码...
       PreLinkEvent:
         if not exist "D:\cocos2d\projects\HelloWorld\proj.win32\Debug.win32\" mkdir "D:\cocos2d\projects\HelloWorld\proj.win32\Debug.win32\"
         xcopy /Y /Q "D:\cocos2d\projects\HelloWorld\proj.win32\..\..\..\external\libwebsockets\win32\lib\*.*" "D:\cocos2d\projects\HelloWorld\proj.win32\Debug.win32\"
         :VCEnd
         复制了 2 个文件
       Link:
         D:\Program Files\Microsoft Visual Studio 12.0\VC\bin\link.exe /ERRORREPORT:PROMPT /OUT:"D:\cocos2d\projects\HelloWorld\proj.win32\Debug.win32\HelloWorld.exe" /INCREMENTAL /NOLOGO /LIBPATH:D:\cocos2d\projects\HelloWorld\proj.win32\Debug.win32\ libExtensions.lib libcocos2d.lib libCocosDenshion.lib opengl32.lib glew32.lib libBox2d.lib libchipmunk.lib libcurl_imp.lib pthreadVCE2.lib websockets.lib kernel32.lib user32.lib gdi32.lib winspool.lib comdlg32.lib advapi32.lib shell32.lib ole32.lib oleaut32.lib uuid.lib odbc32.lib odbccp32.lib /MANIFEST /MANIFESTUAC:"level='asInvoker' uiAccess='false'" /manifest:embed /DEBUG /PDB:"D:\cocos2d\projects\HelloWorld\proj.win32\Debug.win32\HelloWorld.pdb" /SUBSYSTEM:WINDOWS,"5.01" /TLBID:1 /DYNAMICBASE /NXCOMPAT /IMPLIB:"D:\cocos2d\projects\HelloWorld\proj.win32\Debug.win32\HelloWorld.lib" /MACHINE:X86 /SAFESEH Debug.win32\AppDelegate.obj
         Debug.win32\HelloWorldScene.obj
         Debug.win32\MyLayer.obj
         Debug.win32\MyScene.obj
         Debug.win32\main.obj
         D:\cocos2d\projects\HelloWorld\proj.win32\Debug.win32\libcocos2d.lib
         D:\cocos2d\projects\HelloWorld\proj.win32\Debug.win32\libCocosDenshion.lib
         D:\cocos2d\projects\HelloWorld\proj.win32\Debug.win32\libExtensions.lib
         D:\cocos2d\projects\HelloWorld\proj.win32\Debug.win32\libBox2D.lib
         D:\cocos2d\projects\HelloWorld\proj.win32\Debug.win32\libchipmunk.lib
         HelloWorld.vcxproj -> D:\cocos2d\projects\HelloWorld\proj.win32\Debug.win32\HelloWorld.exe
     1>已完成生成项目“D:\cocos2d\projects\HelloWorld\proj.win32\HelloWorld.vcxproj”(Build 个目标)的操作。

生成成功。

已用时间 00:00:09.44
