d:\cocos2d\projects\helloworld\proj.win32\debug.win32\vc120.pdb
d:\cocos2d\projects\helloworld\proj.win32\debug.win32\vc120.idb
d:\cocos2d\projects\helloworld\proj.win32\debug.win32\appdelegate.obj
d:\cocos2d\projects\helloworld\proj.win32\debug.win32\helloworldscene.obj
d:\cocos2d\projects\helloworld\proj.win32\debug.win32\main.obj
d:\cocos2d\projects\helloworld\proj.win32\debug.win32\mylayer.obj
d:\cocos2d\projects\helloworld\proj.win32\debug.win32\myscene.obj
d:\cocos2d\projects\helloworld\proj.win32\debug.win32\helloworld.ilk
d:\cocos2d\projects\helloworld\proj.win32\debug.win32\helloworld.exe
d:\cocos2d\projects\helloworld\proj.win32\debug.win32\helloworld.pdb
d:\cocos2d\projects\helloworld\proj.win32\debug.win32\libcocos2d.exp
d:\cocos2d\projects\helloworld\proj.win32\debug.win32\libcocosdenshion.exp
d:\cocos2d\projects\helloworld\proj.win32\debug.win32\libcocos2d.pdb
d:\cocos2d\projects\helloworld\proj.win32\debug.win32\libcocosdenshion.pdb
d:\cocos2d\projects\helloworld\proj.win32\debug.win32\helloworld.tlog\cl.command.1.tlog
d:\cocos2d\projects\helloworld\proj.win32\debug.win32\helloworld.tlog\cl.read.1.tlog
d:\cocos2d\projects\helloworld\proj.win32\debug.win32\helloworld.tlog\cl.write.1.tlog
d:\cocos2d\projects\helloworld\proj.win32\debug.win32\helloworld.tlog\link.command.1.tlog
d:\cocos2d\projects\helloworld\proj.win32\debug.win32\helloworld.tlog\link.read.1.tlog
d:\cocos2d\projects\helloworld\proj.win32\debug.win32\helloworld.tlog\link.write.1.tlog
